============================================================
TESTING VERSOR INITIALIZATION STABILITY
Depth: 20 layers
Width: 128 channels (multivectors)
Batch: 64
============================================================

Layer | Mean Variance | Max Component | Min Component | Status
-----------------------------------------------------------------
Input | 0.240814      | 2.430523      | -2.332986      | OK
    1 | 0.230368      | 2.387386      | -2.406976      | STABLE ✅
    2 | 0.226427      | 2.373557      | -2.282443      | STABLE ✅
    3 | 0.226257      | 2.279578      | -2.414511      | STABLE ✅
    4 | 0.224849      | 2.483130      | -2.284308      | STABLE ✅
    5 | 0.225716      | 2.281920      | -2.340204      | STABLE ✅
    6 | 0.224719      | 2.293400      | -2.325306      | STABLE ✅
    7 | 0.223487      | 2.319680      | -2.421487      | STABLE ✅
    8 | 0.222353      | 2.296636      | -2.389807      | STABLE ✅
    9 | 0.224031      | 2.149658      | -2.281629      | STABLE ✅
   10 | 0.224921      | 2.293834      | -2.458209      | STABLE ✅
   11 | 0.224751      | 2.496174      | -2.433197      | STABLE ✅
   12 | 0.226474      | 2.549658      | -2.387410      | STABLE ✅
   13 | 0.227008      | 2.252848      | -2.350083      | STABLE ✅
   14 | 0.228741      | 2.381936      | -2.218795      | STABLE ✅
   15 | 0.224676      | 2.356871      | -2.344726      | STABLE ✅
   16 | 0.223113      | 2.196299      | -2.392287      | STABLE ✅
   17 | 0.224390      | 2.280136      | -2.245430      | STABLE ✅
   18 | 0.222924      | 2.190059      | -2.227144      | STABLE ✅
   19 | 0.225079      | 2.373207      | -2.305574      | STABLE ✅
   20 | 0.224682      | 2.344029      | -2.259980      | STABLE ✅
-----------------------------------------------------------------

Final/Initial Variance Ratio: 0.9330

✅ SUCCESS: Signal preserved within factor of 2 over 20 layers.
   This confirms the Versor Initialization formula derivation.
